<?xml version="1.0" encoding="UTF-8"?>
<testsuite xmlns:xsi="http://www.w3.org/2001/XMLSchema-instance" xsi:schemaLocation="https://maven.apache.org/surefire/maven-surefire-plugin/xsd/surefire-test-report.xsd" name="com.pankov.roadtosenior.JdbcTemplateTest" time="0.477" tests="5" errors="0" skipped="0" failures="0">
  <properties>
[...]
</properties>
  <testcase name="testUpdateWithReturning_ShouldReturnId" classname="com.pankov.roadtosenior.JdbcTemplateTest" time="0.028"/>
  <testcase name="testQueryForObject_ShouldReturnFrameWorkJava" classname="com.pankov.roadtosenior.JdbcTemplateTest" time="0.02"/>
  <testcase name="testQueryMethod_shouldReturnAList" classname="com.pankov.roadtosenior.JdbcTemplateTest" time="0.003"/>
  <testcase name="testUpdate_shouldDeleteFramework" classname="com.pankov.roadtosenior.JdbcTemplateTest" time="0.002"/>
  <testcase name="testQueryWithParapetersMethod_shouldReturnAList" classname="com.pankov.roadtosenior.JdbcTemplateTest" time="0.002"/>
</testsuite>